# JRE version: OpenJDK Runtime Environment Temurin-17.0.5+8 (17.0.5+8) (build 17.0.5+8)
# Java VM: OpenJDK 64-Bit Server VM Temurin-17.0.5+8 (17.0.5+8, mixed mode, tiered, compressed oops, compressed class ptrs, g1 gc, linux-amd64)
GC Precious Log:
 CPUs: 8 total, 4 available
 Memory: 7877M
 Large Page Support: Disabled
 NUMA Support: Disabled
 Compressed Oops: Enabled (32-bit)
 Heap Region Size: 1M
 Heap Min Capacity: 8M
 Heap Initial Capacity: 124M
 Heap Max Capacity: 1970M
 Pre-touch: Disabled
 Parallel Workers: 4
 Concurrent Workers: 1
 Concurrent Refinement Workers: 4
 Periodic GC: Disabled
Heap:
 garbage-first heap   total 122880K, used 105143K [0x0000000084e00000, 0x0000000100000000)
  region size 1024K, 61 young (62464K), 3 survivors (3072K)
 Metaspace       used 81551K, committed 82432K, reserved 1122304K
  class space    used 9582K, committed 9984K, reserved 1048576K
GC Heap History (20 events):
Event: 28.589 GC heap after
{Heap after GC invocations=30 (full 0):
 garbage-first heap   total 122880K, used 36133K [0x0000000084e00000, 0x0000000100000000)
  region size 1024K, 6 young (6144K), 6 survivors (6144K)
 Metaspace       used 66008K, committed 66304K, reserved 1114112K
  class space    used 7933K, committed 8064K, reserved 1048576K
}
Event: 34.405 GC heap before
{Heap before GC invocations=30 (full 0):
 garbage-first heap   total 122880K, used 102693K [0x0000000084e00000, 0x0000000100000000)
  region size 1024K, 71 young (72704K), 6 survivors (6144K)
 Metaspace       used 70256K, committed 70656K, reserved 1114112K
  class space    used 8502K, committed 8704K, reserved 1048576K
}
Event: 34.437 GC heap after
{Heap after GC invocations=31 (full 0):
 garbage-first heap   total 122880K, used 38529K [0x0000000084e00000, 0x0000000100000000)
  region size 1024K, 7 young (7168K), 7 survivors (7168K)
 Metaspace       used 70256K, committed 70656K, reserved 1114112K
  class space    used 8502K, committed 8704K, reserved 1048576K
}
Event: 36.542 GC heap before
{Heap before GC invocations=31 (full 0):
 garbage-first heap   total 122880K, used 100993K [0x0000000084e00000, 0x0000000100000000)
  region size 1024K, 69 young (70656K), 7 survivors (7168K)
 Metaspace       used 76526K, committed 76928K, reserved 1122304K
  class space    used 9258K, committed 9472K, reserved 1048576K
}
Event: 36.601 GC heap after
{Heap after GC invocations=32 (full 0):
 garbage-first heap   total 122880K, used 42618K [0x0000000084e00000, 0x0000000100000000)
  region size 1024K, 9 young (9216K), 9 survivors (9216K)
 Metaspace       used 76526K, committed 76928K, reserved 1122304K
  class space    used 9258K, committed 9472K, reserved 1048576K
}
Event: 83.020 GC heap before
{Heap before GC invocations=32 (full 0):
 garbage-first heap   total 122880K, used 99962K [0x0000000084e00000, 0x0000000100000000)
  region size 1024K, 65 young (66560K), 9 survivors (9216K)
 Metaspace       used 78543K, committed 79040K, reserved 1122304K
  class space    used 9350K, committed 9600K, reserved 1048576K
}
Event: 83.049 GC heap after
{Heap after GC invocations=33 (full 0):
 garbage-first heap   total 122880K, used 46432K [0x0000000084e00000, 0x0000000100000000)
  region size 1024K, 8 young (8192K), 8 survivors (8192K)
 Metaspace       used 78543K, committed 79040K, reserved 1122304K
  class space    used 9350K, committed 9600K, reserved 1048576K
}
Event: 4495.482 GC heap before
{Heap before GC invocations=33 (full 0):
 garbage-first heap   total 122880K, used 99680K [0x0000000084e00000, 0x0000000100000000)
  region size 1024K, 60 young (61440K), 8 survivors (8192K)
 Metaspace       used 79705K, committed 80384K, reserved 1122304K
  class space    used 9425K, committed 9728K, reserved 1048576K
}
Event: 4495.512 GC heap after
{Heap after GC invocations=34 (full 0):
 garbage-first heap   total 122880K, used 45424K [0x0000000084e00000, 0x0000000100000000)
  region size 1024K, 2 young (2048K), 2 survivors (2048K)
 Metaspace       used 79705K, committed 80384K, reserved 1122304K
  class space    used 9425K, committed 9728K, reserved 1048576K
}
Event: 4521.457 GC heap before
{Heap before GC invocations=34 (full 0):
 garbage-first heap   total 122880K, used 100720K [0x0000000084e00000, 0x0000000100000000)
  region size 1024K, 56 young (57344K), 2 survivors (2048K)
 Metaspace       used 80024K, committed 80640K, reserved 1122304K
  class space    used 9428K, committed 9728K, reserved 1048576K
}
Event: 4521.470 GC heap after
{Heap after GC invocations=35 (full 0):
 garbage-first heap   total 122880K, used 44975K [0x0000000084e00000, 0x0000000100000000)
  region size 1024K, 2 young (2048K), 2 survivors (2048K)
 Metaspace       used 80024K, committed 80640K, reserved 1122304K
  class space    used 9428K, committed 9728K, reserved 1048576K
}
Event: 4536.423 GC heap before
{Heap before GC invocations=35 (full 0):
 garbage-first heap   total 122880K, used 101295K [0x0000000084e00000, 0x0000000100000000)
  region size 1024K, 57 young (58368K), 2 survivors (2048K)
 Metaspace       used 80533K, committed 81280K, reserved 1122304K
  class space    used 9493K, committed 9856K, reserved 1048576K
}
Event: 4536.443 GC heap after
{Heap after GC invocations=36 (full 0):
 garbage-first heap   total 122880K, used 45091K [0x0000000084e00000, 0x0000000100000000)
  region size 1024K, 2 young (2048K), 2 survivors (2048K)
 Metaspace       used 80533K, committed 81280K, reserved 1122304K
  class space    used 9493K, committed 9856K, reserved 1048576K
}
Event: 4578.620 GC heap before
{Heap before GC invocations=36 (full 0):
 garbage-first heap   total 122880K, used 103459K [0x0000000084e00000, 0x0000000100000000)
  region size 1024K, 59 young (60416K), 2 survivors (2048K)
 Metaspace       used 80666K, committed 81344K, reserved 1122304K
  class space    used 9500K, committed 9856K, reserved 1048576K
}
Event: 4578.656 GC heap after
{Heap after GC invocations=37 (full 0):
 garbage-first heap   total 122880K, used 45058K [0x0000000084e00000, 0x0000000100000000)
  region size 1024K, 2 young (2048K), 2 survivors (2048K)
 Metaspace       used 80666K, committed 81344K, reserved 1122304K
  class space    used 9500K, committed 9856K, reserved 1048576K
}
Event: 4934.625 GC heap before
{Heap before GC invocations=37 (full 0):
 garbage-first heap   total 122880K, used 104450K [0x0000000084e00000, 0x0000000100000000)
  region size 1024K, 60 young (61440K), 2 survivors (2048K)
 Metaspace       used 80847K, committed 81600K, reserved 1122304K
  class space    used 9504K, committed 9856K, reserved 1048576K
}
Event: 4934.653 GC heap after
{Heap after GC invocations=38 (full 0):
 garbage-first heap   total 122880K, used 45036K [0x0000000084e00000, 0x0000000100000000)
  region size 1024K, 2 young (2048K), 2 survivors (2048K)
 Metaspace       used 80847K, committed 81600K, reserved 1122304K
  class space    used 9504K, committed 9856K, reserved 1048576K
}
Event: 4976.100 GC heap before
{Heap before GC invocations=38 (full 0):
 garbage-first heap   total 122880K, used 105452K [0x0000000084e00000, 0x0000000100000000)
  region size 1024K, 61 young (62464K), 2 survivors (2048K)
 Metaspace       used 81240K, committed 82048K, reserved 1122304K
  class space    used 9543K, committed 9920K, reserved 1048576K
}
Event: 4976.139 GC heap after
{Heap after GC invocations=39 (full 0):
 garbage-first heap   total 122880K, used 45751K [0x0000000084e00000, 0x0000000100000000)
  region size 1024K, 3 young (3072K), 3 survivors (3072K)
 Metaspace       used 81240K, committed 82048K, reserved 1122304K
  class space    used 9543K, committed 9920K, reserved 1048576K
}
Event: 5031.863 GC heap before
{Heap before GC invocations=39 (full 0):
 garbage-first heap   total 122880K, used 105143K [0x0000000084e00000, 0x0000000100000000)
  region size 1024K, 61 young (62464K), 3 survivors (3072K)
 Metaspace       used 81551K, committed 82432K, reserved 1122304K
  class space    used 9582K, committed 9984K, reserved 1048576K
}

