# JRE version: OpenJDK Runtime Environment Temurin-17.0.5+8 (17.0.5+8) (build 17.0.5+8)
# Java VM: OpenJDK 64-Bit Server VM Temurin-17.0.5+8 (17.0.5+8, mixed mode, tiered, compressed oops, compressed class ptrs, g1 gc, linux-amd64)
GC Precious Log:
 CPUs: 4 total, 4 available
 Memory: 14927M
 Large Page Support: Disabled
 NUMA Support: Disabled
 Compressed Oops: Enabled (Zero based)
 Heap Region Size: 2M
 Heap Min Capacity: 8M
 Heap Initial Capacity: 234M
 Heap Max Capacity: 3732M
 Pre-touch: Disabled
 Parallel Workers: 4
 Concurrent Workers: 1
 Concurrent Refinement Workers: 4
 Periodic GC: Disabled
Heap:
 garbage-first heap   total 165888K, used 62643K [0x0000000716c00000, 0x0000000800000000)
  region size 2048K, 10 young (20480K), 2 survivors (4096K)
 Metaspace       used 80137K, committed 80832K, reserved 1122304K
  class space    used 9444K, committed 9792K, reserved 1048576K
GC Heap History (20 events):
Event: 509.542 GC heap before
{Heap before GC invocations=45 (full 0):
 garbage-first heap   total 165888K, used 140380K [0x0000000716c00000, 0x0000000800000000)
  region size 2048K, 47 young (96256K), 3 survivors (6144K)
 Metaspace       used 78607K, committed 79168K, reserved 1122304K
  class space    used 9311K, committed 9600K, reserved 1048576K
}
Event: 509.553 GC heap after
{Heap after GC invocations=46 (full 0):
 garbage-first heap   total 165888K, used 51225K [0x0000000716c00000, 0x0000000800000000)
  region size 2048K, 4 young (8192K), 4 survivors (8192K)
 Metaspace       used 78607K, committed 79168K, reserved 1122304K
  class space    used 9311K, committed 9600K, reserved 1048576K
}
Event: 511.168 GC heap before
{Heap before GC invocations=46 (full 0):
 garbage-first heap   total 165888K, used 137241K [0x0000000716c00000, 0x0000000800000000)
  region size 2048K, 46 young (94208K), 4 survivors (8192K)
 Metaspace       used 78667K, committed 79168K, reserved 1122304K
  class space    used 9316K, committed 9600K, reserved 1048576K
}
Event: 511.180 GC heap after
{Heap after GC invocations=47 (full 0):
 garbage-first heap   total 165888K, used 48631K [0x0000000716c00000, 0x0000000800000000)
  region size 2048K, 2 young (4096K), 2 survivors (4096K)
 Metaspace       used 78667K, committed 79168K, reserved 1122304K
  class space    used 9316K, committed 9600K, reserved 1048576K
}
Event: 513.562 GC heap before
{Heap before GC invocations=47 (full 0):
 garbage-first heap   total 165888K, used 142839K [0x0000000716c00000, 0x0000000800000000)
  region size 2048K, 48 young (98304K), 2 survivors (4096K)
 Metaspace       used 78667K, committed 79168K, reserved 1122304K
  class space    used 9316K, committed 9600K, reserved 1048576K
}
Event: 513.571 GC heap after
{Heap after GC invocations=48 (full 0):
 garbage-first heap   total 165888K, used 49050K [0x0000000716c00000, 0x0000000800000000)
  region size 2048K, 3 young (6144K), 3 survivors (6144K)
 Metaspace       used 78667K, committed 79168K, reserved 1122304K
  class space    used 9316K, committed 9600K, reserved 1048576K
}
Event: 551.676 GC heap before
{Heap before GC invocations=48 (full 0):
 garbage-first heap   total 165888K, used 139162K [0x0000000716c00000, 0x0000000800000000)
  region size 2048K, 47 young (96256K), 3 survivors (6144K)
 Metaspace       used 78776K, committed 79296K, reserved 1122304K
  class space    used 9316K, committed 9600K, reserved 1048576K
}
Event: 551.681 GC heap after
{Heap after GC invocations=49 (full 0):
 garbage-first heap   total 165888K, used 46199K [0x0000000716c00000, 0x0000000800000000)
  region size 2048K, 1 young (2048K), 1 survivors (2048K)
 Metaspace       used 78776K, committed 79296K, reserved 1122304K
  class space    used 9316K, committed 9600K, reserved 1048576K
}
Event: 553.772 GC heap before
{Heap before GC invocations=49 (full 0):
 garbage-first heap   total 165888K, used 142455K [0x0000000716c00000, 0x0000000800000000)
  region size 2048K, 48 young (98304K), 1 survivors (2048K)
 Metaspace       used 78776K, committed 79296K, reserved 1122304K
  class space    used 9316K, committed 9600K, reserved 1048576K
}
Event: 553.778 GC heap after
{Heap after GC invocations=50 (full 0):
 garbage-first heap   total 165888K, used 46874K [0x0000000716c00000, 0x0000000800000000)
  region size 2048K, 1 young (2048K), 1 survivors (2048K)
 Metaspace       used 78776K, committed 79296K, reserved 1122304K
  class space    used 9316K, committed 9600K, reserved 1048576K
}
Event: 555.600 GC heap before
{Heap before GC invocations=50 (full 0):
 garbage-first heap   total 165888K, used 143130K [0x0000000716c00000, 0x0000000800000000)
  region size 2048K, 48 young (98304K), 1 survivors (2048K)
 Metaspace       used 78776K, committed 79296K, reserved 1122304K
  class space    used 9316K, committed 9600K, reserved 1048576K
}
Event: 555.605 GC heap after
{Heap after GC invocations=51 (full 0):
 garbage-first heap   total 165888K, used 47518K [0x0000000716c00000, 0x0000000800000000)
  region size 2048K, 1 young (2048K), 1 survivors (2048K)
 Metaspace       used 78776K, committed 79296K, reserved 1122304K
  class space    used 9316K, committed 9600K, reserved 1048576K
}
Event: 557.663 GC heap before
{Heap before GC invocations=51 (full 0):
 garbage-first heap   total 165888K, used 143774K [0x0000000716c00000, 0x0000000800000000)
  region size 2048K, 48 young (98304K), 1 survivors (2048K)
 Metaspace       used 78776K, committed 79296K, reserved 1122304K
  class space    used 9316K, committed 9600K, reserved 1048576K
}
Event: 557.668 GC heap after
{Heap after GC invocations=52 (full 0):
 garbage-first heap   total 165888K, used 48255K [0x0000000716c00000, 0x0000000800000000)
  region size 2048K, 2 young (4096K), 2 survivors (4096K)
 Metaspace       used 78776K, committed 79296K, reserved 1122304K
  class space    used 9316K, committed 9600K, reserved 1048576K
}
Event: 559.513 GC heap before
{Heap before GC invocations=52 (full 0):
 garbage-first heap   total 165888K, used 140415K [0x0000000716c00000, 0x0000000800000000)
  region size 2048K, 47 young (96256K), 2 survivors (4096K)
 Metaspace       used 78776K, committed 79296K, reserved 1122304K
  class space    used 9316K, committed 9600K, reserved 1048576K
}
Event: 559.519 GC heap after
{Heap after GC invocations=53 (full 0):
 garbage-first heap   total 165888K, used 48905K [0x0000000716c00000, 0x0000000800000000)
  region size 2048K, 2 young (4096K), 2 survivors (4096K)
 Metaspace       used 78776K, committed 79296K, reserved 1122304K
  class space    used 9316K, committed 9600K, reserved 1048576K
}
Event: 658.118 GC heap before
{Heap before GC invocations=53 (full 0):
 garbage-first heap   total 165888K, used 141065K [0x0000000716c00000, 0x0000000800000000)
  region size 2048K, 47 young (96256K), 2 survivors (4096K)
 Metaspace       used 79169K, committed 79680K, reserved 1122304K
  class space    used 9343K, committed 9600K, reserved 1048576K
}
Event: 658.134 GC heap after
{Heap after GC invocations=54 (full 0):
 garbage-first heap   total 165888K, used 47254K [0x0000000716c00000, 0x0000000800000000)
  region size 2048K, 1 young (2048K), 1 survivors (2048K)
 Metaspace       used 79169K, committed 79680K, reserved 1122304K
  class space    used 9343K, committed 9600K, reserved 1048576K
}
Event: 883.591 GC heap before
{Heap before GC invocations=54 (full 0):
 garbage-first heap   total 165888K, used 141462K [0x0000000716c00000, 0x0000000800000000)
  region size 2048K, 47 young (96256K), 1 survivors (2048K)
 Metaspace       used 80012K, committed 80704K, reserved 1122304K
  class space    used 9443K, committed 9792K, reserved 1048576K
}
Event: 883.632 GC heap after
{Heap after GC invocations=55 (full 0):
 garbage-first heap   total 165888K, used 48307K [0x0000000716c00000, 0x0000000800000000)
  region size 2048K, 2 young (4096K), 2 survivors (4096K)
 Metaspace       used 80012K, committed 80704K, reserved 1122304K
  class space    used 9443K, committed 9792K, reserved 1048576K
}

