-------------------------------------------------------------------------------
Test set: com.ravish.crm.CrmApplicationTests
-------------------------------------------------------------------------------
Tests run: 1, Failures: 0, Errors: 1, Skipped: 0, Time elapsed: 0.603 s <<< FAILURE! - in com.ravish.crm.CrmApplicationTests
com.ravish.crm.CrmApplicationTests  Time elapsed: 0.601 s  <<< ERROR!
java.lang.IllegalStateException: Unable to find a @SpringBootConfiguration, you need to use @ContextConfiguration or @SpringBootTest(classes=...) with your test

